<?xml version="1.0" encoding="UTF-8"?>
<testsuite xmlns:xsi="http://www.w3.org/2001/XMLSchema-instance" xsi:noNamespaceSchemaLocation="https://maven.apache.org/surefire/maven-surefire-plugin/xsd/surefire-test-report.xsd" name="com.cache.in_memory_cache.ControllerTest" time="2.728" tests="5" errors="0" skipped="0" failures="0">
  <properties>
[...]
</properties>
  <testcase name="delCacheController" classname="com.cache.in_memory_cache.ControllerTest" time="0.368"/>
  <testcase name="keysCacheController" classname="com.cache.in_memory_cache.ControllerTest" time="0.005"/>
  <testcase name="getCacheController" classname="com.cache.in_memory_cache.ControllerTest" time="0.01"/>
  <testcase name="setCacheController" classname="com.cache.in_memory_cache.ControllerTest" time="0.009"/>
  <testcase name="contextLoads" classname="com.cache.in_memory_cache.ControllerTest" time="0.041"/>
</testsuite>